# JRE version: OpenJDK Runtime Environment (Zulu 8.52.0.23-CA-win64) (8.0_282-b08) (build 1.8.0_282-b08)
# Java VM: OpenJDK 64-Bit Server VM (25.282-b08 mixed mode windows-amd64 compressed oops)
Heap:
 PSYoungGen      total 90624K, used 13837K [0x00000000e0c00000, 0x00000000e6f00000, 0x0000000100000000)
  eden space 89088K, 13% used [0x00000000e0c00000,0x00000000e1806a70,0x00000000e6300000)
  from space 1536K, 99% used [0x00000000e6300000,0x00000000e647cb30,0x00000000e6480000)
  to   space 6144K, 0% used [0x00000000e6900000,0x00000000e6900000,0x00000000e6f00000)
 ParOldGen       total 807424K, used 336127K [0x00000000a2400000, 0x00000000d3880000, 0x00000000e0c00000)
  object space 807424K, 41% used [0x00000000a2400000,0x00000000b6c3fd08,0x00000000d3880000)
 Metaspace       used 39825K, capacity 40884K, committed 40960K, reserved 1085440K
  class space    used 4588K, capacity 4850K, committed 4864K, reserved 1048576K
GC Heap History (10 events):
Event: 63823.530 GC heap before
{Heap before GC invocations=11985 (full 34):
 PSYoungGen      total 90624K, used 87894K [0x00000000e0c00000, 0x00000000e6600000, 0x0000000100000000)
  eden space 89088K, 97% used [0x00000000e0c00000,0x00000000e60afbf0,0x00000000e6300000)
  from space 1536K, 76% used [0x00000000e6480000,0x00000000e65a5fa0,0x00000000e6600000)
  to   space 1536K, 0% used [0x00000000e6300000,0x00000000e6300000,0x00000000e6480000)
 ParOldGen       total 807424K, used 323454K [0x00000000a2400000, 0x00000000d3880000, 0x00000000e0c00000)
  object space 807424K, 40% used [0x00000000a2400000,0x00000000b5fdfa08,0x00000000d3880000)
 Metaspace       used 39721K, capacity 40756K, committed 40960K, reserved 1085440K
  class space    used 4586K, capacity 4850K, committed 4864K, reserved 1048576K
Event: 63823.533 GC heap after
Heap after GC invocations=11985 (full 34):
 PSYoungGen      total 90624K, used 988K [0x00000000e0c00000, 0x00000000e6600000, 0x0000000100000000)
  eden space 89088K, 0% used [0x00000000e0c00000,0x00000000e0c00000,0x00000000e6300000)
  from space 1536K, 64% used [0x00000000e6300000,0x00000000e63f71b8,0x00000000e6480000)
  to   space 1536K, 0% used [0x00000000e6480000,0x00000000e6480000,0x00000000e6600000)
 ParOldGen       total 807424K, used 323454K [0x00000000a2400000, 0x00000000d3880000, 0x00000000e0c00000)
  object space 807424K, 40% used [0x00000000a2400000,0x00000000b5fdfa08,0x00000000d3880000)
 Metaspace       used 39721K, capacity 40756K, committed 40960K, reserved 1085440K
  class space    used 4586K, capacity 4850K, committed 4864K, reserved 1048576K
}
Event: 63824.546 GC heap before
{Heap before GC invocations=11986 (full 34):
 PSYoungGen      total 90624K, used 87715K [0x00000000e0c00000, 0x00000000e6600000, 0x0000000100000000)
  eden space 89088K, 97% used [0x00000000e0c00000,0x00000000e60b1c68,0x00000000e6300000)
  from space 1536K, 64% used [0x00000000e6300000,0x00000000e63f71b8,0x00000000e6480000)
  to   space 1536K, 0% used [0x00000000e6480000,0x00000000e6480000,0x00000000e6600000)
 ParOldGen       total 807424K, used 323454K [0x00000000a2400000, 0x00000000d3880000, 0x00000000e0c00000)
  object space 807424K, 40% used [0x00000000a2400000,0x00000000b5fdfa08,0x00000000d3880000)
 Metaspace       used 39721K, capacity 40756K, committed 40960K, reserved 1085440K
  class space    used 4586K, capacity 4850K, committed 4864K, reserved 1048576K
Event: 63824.550 GC heap after
Heap after GC invocations=11986 (full 34):
 PSYoungGen      total 90624K, used 1029K [0x00000000e0c00000, 0x00000000e6600000, 0x0000000100000000)
  eden space 89088K, 0% used [0x00000000e0c00000,0x00000000e0c00000,0x00000000e6300000)
  from space 1536K, 67% used [0x00000000e6480000,0x00000000e6581488,0x00000000e6600000)
  to   space 1536K, 0% used [0x00000000e6300000,0x00000000e6300000,0x00000000e6480000)
 ParOldGen       total 807424K, used 323454K [0x00000000a2400000, 0x00000000d3880000, 0x00000000e0c00000)
  object space 807424K, 40% used [0x00000000a2400000,0x00000000b5fdfa08,0x00000000d3880000)
 Metaspace       used 39721K, capacity 40756K, committed 40960K, reserved 1085440K
  class space    used 4586K, capacity 4850K, committed 4864K, reserved 1048576K
}
Event: 63825.666 GC heap before
{Heap before GC invocations=11987 (full 34):
 PSYoungGen      total 90624K, used 88129K [0x00000000e0c00000, 0x00000000e6600000, 0x0000000100000000)
  eden space 89088K, 97% used [0x00000000e0c00000,0x00000000e610f128,0x00000000e6300000)
  from space 1536K, 67% used [0x00000000e6480000,0x00000000e6581488,0x00000000e6600000)
  to   space 1536K, 0% used [0x00000000e6300000,0x00000000e6300000,0x00000000e6480000)
 ParOldGen       total 807424K, used 323454K [0x00000000a2400000, 0x00000000d3880000, 0x00000000e0c00000)
  object space 807424K, 40% used [0x00000000a2400000,0x00000000b5fdfa08,0x00000000d3880000)
 Metaspace       used 39721K, capacity 40756K, committed 40960K, reserved 1085440K
  class space    used 4586K, capacity 4850K, committed 4864K, reserved 1048576K
Event: 63825.672 GC heap after
Heap after GC invocations=11987 (full 34):
 PSYoungGen      total 90624K, used 867K [0x00000000e0c00000, 0x00000000e6600000, 0x0000000100000000)
  eden space 89088K, 0% used [0x00000000e0c00000,0x00000000e0c00000,0x00000000e6300000)
  from space 1536K, 56% used [0x00000000e6300000,0x00000000e63d8db8,0x00000000e6480000)
  to   space 1536K, 0% used [0x00000000e6480000,0x00000000e6480000,0x00000000e6600000)
 ParOldGen       total 807424K, used 323454K [0x00000000a2400000, 0x00000000d3880000, 0x00000000e0c00000)
  object space 807424K, 40% used [0x00000000a2400000,0x00000000b5fdfa08,0x00000000d3880000)
 Metaspace       used 39721K, capacity 40756K, committed 40960K, reserved 1085440K
  class space    used 4586K, capacity 4850K, committed 4864K, reserved 1048576K
}
Event: 63826.715 GC heap before
{Heap before GC invocations=11988 (full 34):
 PSYoungGen      total 90624K, used 87596K [0x00000000e0c00000, 0x00000000e6600000, 0x0000000100000000)
  eden space 89088K, 97% used [0x00000000e0c00000,0x00000000e60b25f8,0x00000000e6300000)
  from space 1536K, 56% used [0x00000000e6300000,0x00000000e63d8db8,0x00000000e6480000)
  to   space 1536K, 0% used [0x00000000e6480000,0x00000000e6480000,0x00000000e6600000)
 ParOldGen       total 807424K, used 323454K [0x00000000a2400000, 0x00000000d3880000, 0x00000000e0c00000)
  object space 807424K, 40% used [0x00000000a2400000,0x00000000b5fdfa08,0x00000000d3880000)
 Metaspace       used 39721K, capacity 40756K, committed 40960K, reserved 1085440K
  class space    used 4586K, capacity 4850K, committed 4864K, reserved 1048576K
Event: 63826.718 GC heap after
Heap after GC invocations=11988 (full 34):
 PSYoungGen      total 90624K, used 1068K [0x00000000e0c00000, 0x00000000e6600000, 0x0000000100000000)
  eden space 89088K, 0% used [0x00000000e0c00000,0x00000000e0c00000,0x00000000e6300000)
  from space 1536K, 69% used [0x00000000e6480000,0x00000000e658b0b0,0x00000000e6600000)
  to   space 1536K, 0% used [0x00000000e6300000,0x00000000e6300000,0x00000000e6480000)
 ParOldGen       total 807424K, used 323454K [0x00000000a2400000, 0x00000000d3880000, 0x00000000e0c00000)
  object space 807424K, 40% used [0x00000000a2400000,0x00000000b5fdfa08,0x00000000d3880000)
 Metaspace       used 39721K, capacity 40756K, committed 40960K, reserved 1085440K
  class space    used 4586K, capacity 4850K, committed 4864K, reserved 1048576K
}
Event: 66699.085 GC heap before
{Heap before GC invocations=11989 (full 34):
 PSYoungGen      total 90624K, used 90156K [0x00000000e0c00000, 0x00000000e6600000, 0x0000000100000000)
  eden space 89088K, 100% used [0x00000000e0c00000,0x00000000e6300000,0x00000000e6300000)
  from space 1536K, 69% used [0x00000000e6480000,0x00000000e658b0b0,0x00000000e6600000)
  to   space 1536K, 0% used [0x00000000e6300000,0x00000000e6300000,0x00000000e6480000)
 ParOldGen       total 807424K, used 323454K [0x00000000a2400000, 0x00000000d3880000, 0x00000000e0c00000)
  object space 807424K, 40% used [0x00000000a2400000,0x00000000b5fdfa08,0x00000000d3880000)
 Metaspace       used 39799K, capacity 40820K, committed 40960K, reserved 1085440K
  class space    used 4586K, capacity 4850K, committed 4864K, reserved 1048576K
Event: 66699.097 GC heap after
Heap after GC invocations=11989 (full 34):
 PSYoungGen      total 90624K, used 1522K [0x00000000e0c00000, 0x00000000e6f00000, 0x0000000100000000)
  eden space 89088K, 0% used [0x00000000e0c00000,0x00000000e0c00000,0x00000000e6300000)
  from space 1536K, 99% used [0x00000000e6300000,0x00000000e647cb30,0x00000000e6480000)
  to   space 6144K, 0% used [0x00000000e6900000,0x00000000e6900000,0x00000000e6f00000)
 ParOldGen       total 807424K, used 336127K [0x00000000a2400000, 0x00000000d3880000, 0x00000000e0c00000)
  object space 807424K, 41% used [0x00000000a2400000,0x00000000b6c3fd08,0x00000000d3880000)
 Metaspace       used 39799K, capacity 40820K, committed 40960K, reserved 1085440K
  class space    used 4586K, capacity 4850K, committed 4864K, reserved 1048576K
}

